<?xml version="1.0" encoding="UTF-8"?>
<!-- Generated by org.testng.reporters.JUnitReportReporter -->
<testsuite skipped="0" hostname="DESKTOP-0S344VJ" name="test.Addcustomertest" tests="1" failures="0" timestamp="2022-03-28T01:33:47 EDT" time="7.017" errors="0">
  <testcase name="validusershouldbeabletocreatecustomer" time="7.017" classname="test.Addcustomertest"/>
  <system-out/>
</testsuite> <!-- test.Addcustomertest -->
